[    0.000000] Linux version 4.15.0-88-generic (buildd@lgw01-amd64-036) (gcc version 7.4.0 (Ubuntu 7.4.0-1ubuntu1~18.04.1)) #88-Ubuntu SMP Tue Feb 11 20:11:34 UTC 2020 (Ubuntu 4.15.0-88.88-generic 4.15.18)
[    0.000000] Command line: BOOT_IMAGE=/boot/vmlinuz-4.15.0-88-generic root=UUID=22d612d6-934b-4d55-995d-16aeb1bc5d8a ro console=tty1 console=ttyS0
[    0.000000] KERNEL supported cpus:
[    0.000000]   Intel GenuineIntel
[    0.000000]   AMD AuthenticAMD
[    0.000000]   Centaur CentaurHauls
[    0.000000] x86/fpu: Supporting XSAVE feature 0x001: 'x87 floating point registers'
[    0.000000] x86/fpu: Supporting XSAVE feature 0x002: 'SSE registers'
[    0.000000] x86/fpu: Supporting XSAVE feature 0x004: 'AVX registers'
[    0.000000] x86/fpu: xstate_offset[2]:  576, xstate_sizes[2]:  256
[    0.000000] x86/fpu: Enabled xstate features 0x7, context size is 832 bytes, using 'standard' format.
[    0.000000] e820: BIOS-provided physical RAM map:
[    0.000000] BIOS-e820: [mem 0x0000000000000000-0x000000000009fbff] usable
[    0.000000] BIOS-e820: [mem 0x000000000009fc00-0x000000000009ffff] reserved
[    0.000000] BIOS-e820: [mem 0x00000000000f0000-0x00000000000fffff] reserved
[    0.000000] BIOS-e820: [mem 0x0000000000100000-0x000000003ffeffff] usable
[    0.000000] BIOS-e820: [mem 0x000000003fff0000-0x000000003fffffff] ACPI data
[    0.000000] BIOS-e820: [mem 0x00000000fec00000-0x00000000fec00fff] reserved
[    0.000000] BIOS-e820: [mem 0x00000000fee00000-0x00000000fee00fff] reserved
[    0.000000] BIOS-e820: [mem 0x00000000fffc0000-0x00000000ffffffff] reserved
[    0.000000] NX (Execute Disable) protection: active
[    0.000000] SMBIOS 2.5 present.
[    0.000000] DMI: innotek GmbH VirtualBox/VirtualBox, BIOS VirtualBox 12/01/2006
[    0.000000] Hypervisor detected: KVM
[    0.000000] e820: last_pfn = 0x3fff0 max_arch_pfn = 0x400000000
[    0.000000] MTRR: Disabled
[    0.000000] x86/PAT: MTRRs disabled, skipping PAT initialization too.
[    0.000000] CPU MTRRs all blank - virtualized system.
[    0.000000] x86/PAT: Configuration [0-7]: WB  WT  UC- UC  WB  WT  UC- UC  
[    0.000000] found SMP MP-table at [mem 0x0009fff0-0x0009ffff]
[    0.000000] Scanning 1 areas for low memory corruption
[    0.000000] RAMDISK: [mem 0x35965000-0x36ca9fff]
[    0.000000] ACPI: Early table checksum verification disabled
[    0.000000] ACPI: RSDP 0x00000000000E0000 000024 (v02 VBOX  )
[    0.000000] ACPI: XSDT 0x000000003FFF0030 00003C (v01 VBOX   VBOXXSDT 00000001 ASL  00000061)
[    0.000000] ACPI: FACP 0x000000003FFF00F0 0000F4 (v04 VBOX   VBOXFACP 00000001 ASL  00000061)
[    0.000000] ACPI: DSDT 0x000000003FFF0470 0022EA (v02 VBOX   VBOXBIOS 00000002 INTL 20100528)
[    0.000000] ACPI: FACS 0x000000003FFF0200 000040
[    0.000000] ACPI: FACS 0x000000003FFF0200 000040
[    0.000000] ACPI: APIC 0x000000003FFF0240 00005C (v02 VBOX   VBOXAPIC 00000001 ASL  00000061)
[    0.000000] ACPI: SSDT 0x000000003FFF02A0 0001CC (v01 VBOX   VBOXCPUT 00000002 INTL 20100528)
[    0.000000] No NUMA configuration found
[    0.000000] Faking a node at [mem 0x0000000000000000-0x000000003ffeffff]
[    0.000000] NODE_DATA(0) allocated [mem 0x3ffc5000-0x3ffeffff]
[    0.000000] kvm-clock: cpu 0, msr 0:3ff44001, primary cpu clock
[    0.000000] kvm-clock: Using msrs 4b564d01 and 4b564d00
[    0.000000] kvm-clock: using sched offset of 5791551848 cycles
[    0.000000] clocksource: kvm-clock: mask: 0xffffffffffffffff max_cycles: 0x1cd42e4dffb, max_idle_ns: 881590591483 ns
[    0.000000] Zone ranges:
[    0.000000]   DMA      [mem 0x0000000000001000-0x0000000000ffffff]
[    0.000000]   DMA32    [mem 0x0000000001000000-0x000000003ffeffff]
[    0.000000]   Normal   empty
[    0.000000]   Device   empty
[    0.000000] Movable zone start for each node
[    0.000000] Early memory node ranges
[    0.000000]   node   0: [mem 0x0000000000001000-0x000000000009efff]
[    0.000000]   node   0: [mem 0x0000000000100000-0x000000003ffeffff]
[    0.000000] Reserved but unavailable: 98 pages
[    0.000000] Initmem setup node 0 [mem 0x0000000000001000-0x000000003ffeffff]
[    0.000000] ACPI: PM-Timer IO Port: 0x4008
[    0.000000] IOAPIC[0]: apic_id 2, version 32, address 0xfec00000, GSI 0-23
[    0.000000] ACPI: INT_SRC_OVR (bus 0 bus_irq 0 global_irq 2 dfl dfl)
[    0.000000] ACPI: INT_SRC_OVR (bus 0 bus_irq 9 global_irq 9 low level)
[    0.000000] Using ACPI (MADT) for SMP configuration information
[    0.000000] smpboot: Allowing 2 CPUs, 0 hotplug CPUs
[    0.000000] PM: Registered nosave memory: [mem 0x00000000-0x00000fff]
[    0.000000] PM: Registered nosave memory: [mem 0x0009f000-0x0009ffff]
[    0.000000] PM: Registered nosave memory: [mem 0x000a0000-0x000effff]
[    0.000000] PM: Registered nosave memory: [mem 0x000f0000-0x000fffff]
[    0.000000] e820: [mem 0x40000000-0xfebfffff] available for PCI devices
[    0.000000] Booting paravirtualized kernel on KVM
[    0.000000] clocksource: refined-jiffies: mask: 0xffffffff max_cycles: 0xffffffff, max_idle_ns: 7645519600211568 ns
[    0.000000] random: get_random_bytes called from start_kernel+0x99/0x4fd with crng_init=0
[    0.000000] setup_percpu: NR_CPUS:8192 nr_cpumask_bits:2 nr_cpu_ids:2 nr_node_ids:1
[    0.000000] percpu: Embedded 45 pages/cpu s147456 r8192 d28672 u1048576
[    0.000000] PV qspinlock hash table entries: 256 (order: 0, 4096 bytes)
[    0.000000] Built 1 zonelists, mobility grouping on.  Total pages: 257913
[    0.000000] Policy zone: DMA32
[    0.000000] Kernel command line: BOOT_IMAGE=/boot/vmlinuz-4.15.0-88-generic root=UUID=22d612d6-934b-4d55-995d-16aeb1bc5d8a ro console=tty1 console=ttyS0
[    0.000000] Memory: 982540K/1048120K available (12300K kernel code, 2481K rwdata, 4264K rodata, 2428K init, 2712K bss, 65580K reserved, 0K cma-reserved)
[    0.000000] SLUB: HWalign=64, Order=0-3, MinObjects=0, CPUs=2, Nodes=1
[    0.000000] Kernel/User page tables isolation: enabled
[    0.000000] ftrace: allocating 39344 entries in 154 pages
[    0.004000] Hierarchical RCU implementation.
[    0.004000] 	RCU restricting CPUs from NR_CPUS=8192 to nr_cpu_ids=2.
[    0.004000] 	Tasks RCU enabled.
[    0.004000] RCU: Adjusting geometry for rcu_fanout_leaf=16, nr_cpu_ids=2
[    0.004000] NR_IRQS: 524544, nr_irqs: 440, preallocated irqs: 16
[    0.004000] Console: colour VGA+ 80x25
[    0.004000] console [tty1] enabled
[    0.004000] console [ttyS0] enabled
[    0.004000] ACPI: Core revision 20170831
[    0.004000] ACPI: 2 ACPI AML tables successfully acquired and loaded
[    0.004000] APIC: Switch to symmetric I/O mode setup
[    0.004000] x2apic enabled
[    0.004000] Switched APIC routing to physical x2apic.
[    0.005281] ..TIMER: vector=0x30 apic1=0 pin1=2 apic2=-1 pin2=-1
[    0.008005] tsc: Detected 1607.999 MHz processor
[    0.009324] Calibrating delay loop (skipped) preset value.. 3215.99 BogoMIPS (lpj=6431996)
[    0.012004] pid_max: default: 32768 minimum: 301
[    0.013250] Security Framework initialized
[    0.014524] Yama: becoming mindful.
[    0.015368] AppArmor: AppArmor initialized
[    0.016165] Dentry cache hash table entries: 131072 (order: 8, 1048576 bytes)
[    0.020131] Inode-cache hash table entries: 65536 (order: 7, 524288 bytes)
[    0.023045] Mount-cache hash table entries: 2048 (order: 2, 16384 bytes)
[    0.024009] Mountpoint-cache hash table entries: 2048 (order: 2, 16384 bytes)
[    0.025716] Last level iTLB entries: 4KB 64, 2MB 8, 4MB 8
[    0.027051] Last level dTLB entries: 4KB 64, 2MB 0, 4MB 0, 1GB 4
[    0.028003] Spectre V1 : Mitigation: usercopy/swapgs barriers and __user pointer sanitization
[    0.029910] Spectre V2 : Mitigation: Full generic retpoline
[    0.032002] Spectre V2 : Spectre v2 / SpectreRSB mitigation: Filling RSB on context switch
[    0.033770] Speculative Store Bypass: Vulnerable
[    0.034964] MDS: Mitigation: Clear CPU buffers
[    0.036208] Freeing SMP alternatives memory: 36K
[    0.150360] smpboot: CPU0: Intel(R) Core(TM) i5-8210Y CPU @ 1.60GHz (family: 0x6, model: 0x8e, stepping: 0x9)
[    0.152000] Performance Events: unsupported p6 CPU model 142 no PMU driver, software events only.
[    0.152040] Hierarchical SRCU implementation.
[    0.153753] NMI watchdog: Perf event create on CPU 0 failed with -2
[    0.156003] NMI watchdog: Perf NMI watchdog permanently disabled
[    0.157345] smp: Bringing up secondary CPUs ...
[    0.158462] x86: Booting SMP configuration:
[    0.160002] .... node  #0, CPUs:      #1
[    0.004000] kvm-clock: cpu 1, msr 0:3ff44041, secondary cpu clock
[    0.164020] smp: Brought up 1 node, 2 CPUs
[    0.165544] smpboot: Max logical packages: 1
[    0.166583] smpboot: Total of 2 processors activated (6431.99 BogoMIPS)
[    0.168132] devtmpfs: initialized
[    0.169492] x86/mm: Memory block size: 128MB
[    0.172146] evm: security.selinux
[    0.172902] evm: security.SMACK64
[    0.173665] evm: security.SMACK64EXEC
[    0.176003] evm: security.SMACK64TRANSMUTE
[    0.177354] evm: security.SMACK64MMAP
[    0.178602] evm: security.apparmor
[    0.179349] evm: security.ima
[    0.180000] evm: security.capability
[    0.180092] clocksource: jiffies: mask: 0xffffffff max_cycles: 0xffffffff, max_idle_ns: 7645041785100000 ns
[    0.182358] futex hash table entries: 512 (order: 3, 32768 bytes)
[    0.185772] pinctrl core: initialized pinctrl subsystem
[    0.188126] RTC time: 11:28:28, date: 03/08/20
[    0.189541] NET: Registered protocol family 16
[    0.190561] audit: initializing netlink subsys (disabled)
[    0.192035] audit: type=2000 audit(1583666915.329:1): state=initialized audit_enabled=0 res=1
[    0.192169] cpuidle: using governor ladder
[    0.193116] cpuidle: using governor menu
[    0.196038] ACPI: bus type PCI registered
[    0.196931] acpiphp: ACPI Hot Plug PCI Controller Driver version: 0.5
[    0.198433] PCI: Using configuration type 1 for base access
[    0.200930] HugeTLB registered 2.00 MiB page size, pre-allocated 0 pages
[    0.201491] ACPI: Added _OSI(Module Device)
[    0.204008] ACPI: Added _OSI(Processor Device)
[    0.204997] ACPI: Added _OSI(3.0 _SCP Extensions)
[    0.206025] ACPI: Added _OSI(Processor Aggregator Device)
[    0.207170] ACPI: Added _OSI(Linux-Dell-Video)
[    0.208003] ACPI: Added _OSI(Linux-Lenovo-NV-HDMI-Audio)
[    0.209161] ACPI: Added _OSI(Linux-HPI-Hybrid-Graphics)
[    0.210671] ACPI: Executed 1 blocks of module-level executable AML code
[    0.216239] ACPI: Interpreter enabled
[    0.217555] ACPI: (supports S0 S5)
[    0.218659] ACPI: Using IOAPIC for interrupt routing
[    0.219912] PCI: Using host bridge windows from ACPI; if necessary, use "pci=nocrs" and report a bug
[    0.220203] ACPI: Enabled 2 GPEs in block 00 to 07
[    0.231868] ACPI: PCI Root Bridge [PCI0] (domain 0000 [bus 00-ff])
[    0.232015] acpi PNP0A03:00: _OSC: OS supports [ASPM ClockPM Segments MSI]
[    0.236540] acpi PNP0A03:00: _OSC: not requesting OS control; OS requires [ExtendedConfig ASPM ClockPM MSI]
[    0.240017] acpi PNP0A03:00: fail to add MMCONFIG information, can't access extended PCI configuration space under this bridge.
[    0.244664] PCI host bridge to bus 0000:00
[    0.246122] pci_bus 0000:00: root bus resource [io  0x0000-0x0cf7 window]
[    0.248007] pci_bus 0000:00: root bus resource [io  0x0d00-0xffff window]
[    0.252006] pci_bus 0000:00: root bus resource [mem 0x000a0000-0x000bffff window]
[    0.253725] pci_bus 0000:00: root bus resource [mem 0x40000000-0xfdffffff window]
[    0.255289] pci_bus 0000:00: root bus resource [bus 00-ff]
[    0.260028] pci 0000:00:01.1: legacy IDE quirk: reg 0x10: [io  0x01f0-0x01f7]
[    0.262092] pci 0000:00:01.1: legacy IDE quirk: reg 0x14: [io  0x03f6]
[    0.263484] pci 0000:00:01.1: legacy IDE quirk: reg 0x18: [io  0x0170-0x0177]
[    0.264003] pci 0000:00:01.1: legacy IDE quirk: reg 0x1c: [io  0x0376]
[    0.282761] pci 0000:00:07.0: quirk: [io  0x4000-0x403f] claimed by PIIX4 ACPI
[    0.284021] pci 0000:00:07.0: quirk: [io  0x4100-0x410f] claimed by PIIX4 SMB
[    0.296745] ACPI: PCI Interrupt Link [LNKA] (IRQs 5 9 10 *11)
[    0.298690] ACPI: PCI Interrupt Link [LNKB] (IRQs 5 9 *10 11)
[    0.300019] ACPI: PCI Interrupt Link [LNKC] (IRQs 5 *9 10 11)
[    0.301597] ACPI: PCI Interrupt Link [LNKD] (IRQs 5 9 10 *11)
[    0.303179] SCSI subsystem initialized
[    0.304076] pci 0000:00:02.0: vgaarb: setting as boot VGA device
[    0.305789] pci 0000:00:02.0: vgaarb: VGA device added: decodes=io+mem,owns=io+mem,locks=none
[    0.308022] pci 0000:00:02.0: vgaarb: bridge control possible
[    0.312006] vgaarb: loaded
[    0.313003] ACPI: bus type USB registered
[    0.316189] usbcore: registered new interface driver usbfs
[    0.318486] usbcore: registered new interface driver hub
[    0.320071] usbcore: registered new device driver usb
[    0.322128] EDAC MC: Ver: 3.0.0
[    0.323325] PCI: Using ACPI for IRQ routing
[    0.324370] NetLabel: Initializing
[    0.325123] NetLabel:  domain hash size = 128
[    0.326050] NetLabel:  protocols = UNLABELED CIPSOv4 CALIPSO
[    0.328025] NetLabel:  unlabeled traffic allowed by default
[    0.329398] clocksource: Switched to clocksource kvm-clock
[    0.367280] VFS: Disk quotas dquot_6.6.0
[    0.369375] VFS: Dquot-cache hash table entries: 512 (order 0, 4096 bytes)
[    0.371955] AppArmor: AppArmor Filesystem Enabled
[    0.373317] pnp: PnP ACPI init
[    0.375485] pnp: PnP ACPI: found 3 devices
[    0.388217] clocksource: acpi_pm: mask: 0xffffff max_cycles: 0xffffff, max_idle_ns: 2085701024 ns
[    0.390709] NET: Registered protocol family 2
[    0.391830] TCP established hash table entries: 8192 (order: 4, 65536 bytes)
[    0.396647] TCP bind hash table entries: 8192 (order: 5, 131072 bytes)
[    0.400330] TCP: Hash tables configured (established 8192 bind 8192)
[    0.402612] UDP hash table entries: 512 (order: 2, 16384 bytes)
[    0.404730] UDP-Lite hash table entries: 512 (order: 2, 16384 bytes)
[    0.407286] NET: Registered protocol family 1
[    0.408230] pci 0000:00:00.0: Limiting direct PCI/PCI transfers
[    0.409594] pci 0000:00:01.0: Activating ISA DMA hang workarounds
[    0.412353] pci 0000:00:02.0: Video device with shadowed ROM at [mem 0x000c0000-0x000dffff]
[    0.414630] Unpacking initramfs...
[    0.846216] Freeing initrd memory: 19732K
[    0.847760] clocksource: tsc: mask: 0xffffffffffffffff max_cycles: 0x172da94f0e2, max_idle_ns: 440795278248 ns
[    0.853590] platform rtc_cmos: registered platform RTC device (no PNP device found)
[    0.855731] Scanning for low memory corruption every 60 seconds
[    0.858415] Initialise system trusted keyrings
[    0.860247] Key type blacklist registered
[    0.861629] workingset: timestamp_bits=36 max_order=18 bucket_order=0
[    0.864758] zbud: loaded
[    0.866295] squashfs: version 4.0 (2009/01/31) Phillip Lougher
[    0.867720] fuse init (API version 7.26)
[    0.870760] Key type asymmetric registered
[    0.871644] Asymmetric key parser 'x509' registered
[    0.873157] Block layer SCSI generic (bsg) driver version 0.4 loaded (major 246)
[    0.875961] io scheduler noop registered
[    0.877170] io scheduler deadline registered
[    0.878416] io scheduler cfq registered (default)
[    0.879997] ACPI: AC Adapter [AC] (off-line)
[    0.881919] input: Power Button as /devices/LNXSYSTM:00/LNXPWRBN:00/input/input0
[    0.883703] ACPI: Power Button [PWRF]
[    0.885000] input: Sleep Button as /devices/LNXSYSTM:00/LNXSLPBN:00/input/input1
[    0.886604] ACPI: Sleep Button [SLPF]
[    0.889817] ACPI: Battery Slot [BAT0] (battery present)
[    0.891247] Serial: 8250/16550 driver, 32 ports, IRQ sharing enabled
[    0.914899] 00:02: ttyS0 at I/O 0x3f8 (irq = 4, base_baud = 115200) is a 16550A
[    0.923649] Linux agpgart interface v0.103
[    0.926450] loop: module loaded
[    0.927707] scsi host0: ata_piix
[    0.928965] scsi host1: ata_piix
[    0.930410] ata1: PATA max UDMA/33 cmd 0x1f0 ctl 0x3f6 bmdma 0xd000 irq 14
[    0.932256] ata2: PATA max UDMA/33 cmd 0x170 ctl 0x376 bmdma 0xd008 irq 15
[    0.934070] libphy: Fixed MDIO Bus: probed
[    0.935178] tun: Universal TUN/TAP device driver, 1.6
[    0.936441] PPP generic driver version 2.4.2
[    0.937492] ehci_hcd: USB 2.0 'Enhanced' Host Controller (EHCI) Driver
[    0.939470] ehci-pci: EHCI PCI platform driver
[    0.940563] ehci-platform: EHCI generic platform driver
[    0.941696] ohci_hcd: USB 1.1 'Open' Host Controller (OHCI) Driver
[    0.943001] ohci-pci: OHCI PCI platform driver
[    0.943984] ohci-platform: OHCI generic platform driver
[    0.946425] uhci_hcd: USB Universal Host Controller Interface driver
[    0.947932] i8042: PNP: PS/2 Controller [PNP0303:PS2K,PNP0f03:PS2M] at 0x60,0x64 irq 1,12
[    0.950850] serio: i8042 KBD port at 0x60,0x64 irq 1
[    0.951929] serio: i8042 AUX port at 0x60,0x64 irq 12
[    0.953377] mousedev: PS/2 mouse device common for all mice
[    0.956532] rtc_cmos rtc_cmos: rtc core: registered rtc_cmos as rtc0
[    0.958538] input: AT Translated Set 2 keyboard as /devices/platform/i8042/serio0/input/input2
[    0.960150] rtc_cmos rtc_cmos: alarms up to one day, 114 bytes nvram
[    0.963361] i2c /dev entries driver
[    0.964611] device-mapper: uevent: version 1.0.3
[    0.966230] device-mapper: ioctl: 4.37.0-ioctl (2017-09-20) initialised: dm-devel@redhat.com
[    0.968671] ledtrig-cpu: registered to indicate activity on CPUs
[    0.970999] NET: Registered protocol family 10
[    0.976292] Segment Routing with IPv6
[    0.977608] NET: Registered protocol family 17
[    0.979654] Key type dns_resolver registered
[    0.981211] mce: Using 0 MCE banks
[    0.982422] RAS: Correctable Errors collector initialized.
[    0.983653] sched_clock: Marking stable (981129787, 0)->(1635380654, -654250867)
[    0.986032] registered taskstats version 1
[    0.987524] Loading compiled-in X.509 certificates
[    0.991599] Loaded X.509 cert 'Build time autogenerated kernel key: f0020782f0d3a548186fb3f47aed88387a71e859'
[    0.994120] zswap: loaded using pool lzo/zbud
[    0.999934] Key type big_key registered
[    1.001193] Key type trusted registered
[    1.005152] Key type encrypted registered
[    1.006610] AppArmor: AppArmor sha1 policy hashing enabled
[    1.007746] ima: No TPM chip found, activating TPM-bypass! (rc=-19)
[    1.009080] ima: Allocated hash algorithm: sha1
[    1.010058] evm: HMAC attrs: 0x1
[    1.011679]   Magic number: 12:672:478
[    1.012973] rtc rtc0: hash matches
[    1.014088] rtc_cmos rtc_cmos: setting system clock to 2020-03-08 11:28:29 UTC (1583666909)
[    1.016072] BIOS EDD facility v0.16 2004-Jun-25, 0 devices found
[    1.017333] EDD information not available.
[    1.102304] Freeing unused kernel image memory: 2428K
[    1.116906] Write protecting the kernel read-only data: 20480k
[    1.121026] Freeing unused kernel image memory: 2008K
[    1.123108] Freeing unused kernel image memory: 1880K
[    1.135578] x86/mm: Checked W+X mappings: passed, no W+X pages found.
[    1.137667] x86/mm: Checking user space page tables
[    1.148115] x86/mm: Checked W+X mappings: passed, no W+X pages found.
Loading, please wait...
starting version 237
[    1.217735] Fusion MPT base driver 3.04.20
[    1.218937] Copyright (c) 1999-2008 LSI Corporation
[    1.228761] e1000: Intel(R) PRO/1000 Network Driver - version 7.3.21-k8-NAPI
[    1.230743] e1000: Copyright (c) 1999-2006 Intel Corporation.
[    1.235700] Fusion MPT SPI Host driver 3.04.20
[    1.258352] AVX2 version of gcm_enc/dec engaged.
[    1.259688] AES CTR mode by8 optimization enabled
[    1.461242] input: ImExPS/2 Generic Explorer Mouse as /devices/platform/i8042/serio1/input/input4
[    1.650445] e1000 0000:00:03.0 eth0: (PCI:33MHz:32-bit) 02:6f:f9:1e:39:dc
[    1.675992] e1000 0000:00:03.0 eth0: Intel(R) PRO/1000 Network Connection
[    1.681768] mptbase: ioc0: Initiating bringup
[    1.813143] ioc0: LSI53C1030 A0: Capabilities={Initiator}
[    2.516463] scsi host2: ioc0: LSI53C1030 A0, FwRev=00000000h, Ports=1, MaxQ=256, IRQ=20
[    2.734511] scsi 2:0:0:0: Direct-Access     VBOX     HARDDISK         1.0  PQ: 0 ANSI: 5
[    2.772362] scsi target2:0:0: Beginning Domain Validation
[    2.777527] scsi target2:0:0: Domain Validation skipping write tests
[    2.781465] scsi target2:0:0: Ending Domain Validation
[    2.785983] scsi target2:0:0: asynchronous
[    2.788488] scsi 2:0:1:0: Direct-Access     VBOX     HARDDISK         1.0  PQ: 0 ANSI: 5
[    3.076099] scsi target2:0:1: Beginning Domain Validation
[    3.079546] random: fast init done
[    3.081169] scsi target2:0:1: Domain Validation skipping write tests
[    3.082988] scsi target2:0:1: Ending Domain Validation
[    3.085206] scsi target2:0:1: asynchronous
[    3.091735] random: systemd-udevd: uninitialized urandom read (16 bytes read)
[    3.094236] random: systemd-udevd: uninitialized urandom read (16 bytes read)
[    3.096275] random: systemd-udevd: uninitialized urandom read (16 bytes read)
[    3.098044] sd 2:0:0:0: Attached scsi generic sg0 type 0
[    3.099388] sd 2:0:1:0: Attached scsi generic sg1 type 0
[    3.101779] sd 2:0:0:0: [sda] 20971520 512-byte logical blocks: (10.7 GB/10.0 GiB)
[    3.104097] sd 2:0:0:0: [sda] Write Protect is off
[    3.105374] sd 2:0:0:0: [sda] Incomplete mode parameter data
[    3.106667] sd 2:0:0:0: [sda] Assuming drive cache: write through
[    3.111289]  sda: sda1
[    3.113974] sd 2:0:1:0: [sdb] 20480 512-byte logical blocks: (10.5 MB/10.0 MiB)
[    3.116552] sd 2:0:1:0: [sdb] Write Protect is off
[    3.118381] sd 2:0:1:0: [sdb] Incomplete mode parameter data
[    3.120116] sd 2:0:1:0: [sdb] Assuming drive cache: write through
[    3.121742] sd 2:0:0:0: [sda] Attached SCSI disk
[    3.126237] sd 2:0:1:0: [sdb] Attached SCSI disk
[    3.195089] e1000 0000:00:08.0 eth1: (PCI:33MHz:32-bit) 08:00:27:ed:62:23
[    3.197314] e1000 0000:00:08.0 eth1: Intel(R) PRO/1000 Network Connection
[    3.200695] e1000 0000:00:03.0 enp0s3: renamed from eth0
[    3.217025] e1000 0000:00:08.0 enp0s8: renamed from eth1
Begin: Loading essential drivers ... [    4.728342] raid6: sse2x1   gen() 10242 MB/s
[    4.776583] raid6: sse2x1   xor()  7146 MB/s
[    4.824482] raid6: sse2x2   gen() 11377 MB/s
[    4.872178] raid6: sse2x2   xor()  7904 MB/s
[    4.920160] raid6: sse2x4   gen() 13362 MB/s
[    4.968574] raid6: sse2x4   xor()  8126 MB/s
[    5.016542] raid6: avx2x1   gen() 19614 MB/s
[    5.064145] raid6: avx2x1   xor()  7617 MB/s
[    5.112536] raid6: avx2x2   gen() 13941 MB/s
[    5.160058] raid6: avx2x2   xor() 15363 MB/s
[    5.208024] raid6: avx2x4   gen() 26351 MB/s
[    5.256205] raid6: avx2x4   xor() 14417 MB/s
[    5.258010] raid6: using algorithm avx2x4 gen() 26351 MB/s
[    5.260333] raid6: .... xor() 14417 MB/s, rmw enabled
[    5.261895] raid6: using avx2x2 recovery algorithm
[    5.265300] xor: automatically using best checksumming function   avx       
[    5.269603] async_tx: api initialized (async)
done.
Begin: Running /scripts/init-premount ... done.
Begin: Mounting root file system ... Begin: Running /scripts/local-top ... done.
Begin: Running /scripts/local-premount ... [    5.340173] Btrfs loaded, crc32c=crc32c-intel
Scanning for Btrfs filesystems
done.
Warning: fsck not present, so skipping root file system
[    5.386623] EXT4-fs (sda1): mounted filesystem with ordered data mode. Opts: (null)
done.
Begin: Running /scripts/local-bottom ... done.
Begin: Running /scripts/init-bottom ... done.
[    5.716828] ip_tables: (C) 2000-2006 Netfilter Core Team
[    5.736112] systemd[1]: systemd 237 running in system mode. (+PAM +AUDIT +SELINUX +IMA +APPARMOR +SMACK +SYSVINIT +UTMP +LIBCRYPTSETUP +GCRYPT +GNUTLS +ACL +XZ +LZ4 +SECCOMP +BLKID +ELFUTILS +KMOD -IDN2 +IDN -PCRE2 default-hierarchy=hybrid)
[    5.742040] systemd[1]: Detected virtualization oracle.
[    5.744163] systemd[1]: Detected architecture x86-64.

Welcome to [1mUbuntu 18.04.3 LTS[0m!

[    5.765946] systemd[1]: Set hostname to <ubuntu-bionic>.
[    6.257150] systemd[1]: Reached target Swap.
[[0;32m  OK  [0m] Reached target Swap.
[    6.259231] systemd[1]: Started Forward Password Requests to Wall Directory Watch.
[[0;32m  OK  [0m] Started Forward Password Requests to Wall Directory Watch.
[    6.262142] systemd[1]: Reached target User and Group Name Lookups.
[[0;32m  OK  [0m] Reached target User and Group Name Lookups.
[    6.264890] systemd[1]: Reached target System Time Synchronized.
[[0;32m  OK  [0m] Reached target System Time Synchronized.
[    6.269402] systemd[1]: Created slice User and Session Slice.
[[0;32m  OK  [0m] Created slice User and Session Slice.
[    6.272775] systemd[1]: Set up automount Arbitrary Executable File Formats File System Automount Point.
[[0;32m  OK  [0m] Set up automount Arbitrary Executab…rmats File System Automount Point.
[[0;32m  OK  [0m] Created slice System Slice.
[[0;32m  OK  [0m] Listening on udev Kernel Socket.
[[0;32m  OK  [0m] Listening on Device-mapper event daemon FIFOs.
[[0;32m  OK  [0m] Listening on udev Control Socket.
[[0;32m  OK  [0m] Listening on Network Service Netlink Socket.
[[0;32m  OK  [0m] Listening on Journal Audit Socket.
[[0;32m  OK  [0m] Listening on LVM2 poll daemon socket.
[[0;32m  OK  [0m] Reached target Slices.
[[0;32m  OK  [0m] Listening on Journal Socket (/dev/log).
[[0;32m  OK  [0m] Created slice system-serial\x2dgetty.slice.
[[0;32m  OK  [0m] Listening on LVM2 metadata daemon socket.
[[0;32m  OK  [0m] Listening on Syslog Socket.
[[0;32m  OK  [0m] Listening on /dev/initctl Compatibility Named Pipe.
[[0;32m  OK  [0m] Listening on Journal Socket.
         Starting Uncomplicated firewall...
         Mounting Huge Pages File System...
         Starting Remount Root and Kernel File Systems...
         Starting udev Coldplug all Devices...
         Starting Load Kernel Modules...
         Starting Create list of required st…ce nodes for the current kernel...
         Startin[    6.372016] EXT4-fs (sda1): re-mounted. Opts: (null)
g Set the console keyboard layout...
         Mounting Kernel Debug File System...
         Starting Monitoring of LVM2 mirrors…ng dmeventd or progress polling...
         Starting Journal Service...
         Mounting POSIX Message Queue File System...
[[0;32m  OK  [0m] Started Uncomplicated firewall.
[[0;32m  OK  [0m] Mounted Huge Pages File System.
[[0;32m  OK  [0m] Started Remount Root and Kernel File Systems.
[[0;32m  OK  [0m] Started Create list of required sta…vice nodes for the current kernel.
[[0;32m  OK  [0m] Mounted Kernel Debug File System.
[[0;32m  OK  [0m] Mounted POSIX Message Queue File System.
         Starting Create Static Device Nodes in /dev...
[    6.454516] Loading iSCSI transport class v2.0-870.
         Starting Load/Save Random Seed...
[[0;32m  OK  [0m] Started Journal Service.
[[0;32m  OK  [0m] Started udev Coldplug all Devices.
[[0;32m  OK  [0m] Started Create Static Device Nodes in /dev.
[[0;32m  OK  [0m] Started LVM2 metadata daemon.
[    6.560358] iscsi: registered transport (tcp)
         Starting udev Kernel Device Manager...
         Starting Flush Journal to Persistent Storage...
[    6.629654] systemd-journald[417]: Received request to flush runtime journal from PID 1
[[0;32m  OK  [0m] Started Load/Save Random Seed.
[[0;32m  OK  [0m] Started Set the console keyboard layout.
[[0;32m  OK  [0m] Started Monitoring of LVM2 mirrors,…sing dmeventd or progress polling.
[[0;32m  OK  [0m] Reached target Local File Systems (Pre).
[[0;32m  OK  [0m] Reached target Local File Systems.
         Starting ebtables ruleset management...
         Starting AppArmor initialization...
         Starting Tell Plymouth To Write Out Runtime Data...
         Starting Set console font and keymap...
[    6.736510] iscsi: registered transport (iser)
[[0;32m  OK  [0m] Started Load Kernel Modules.
         Mounting FUSE Control File System...
         Mounting Kernel Configuration File System...
         Starting Apply Kernel Variables...
[[0;32m  OK  [0m] Mounted FUSE Control File System.
[[0;32m  OK  [0m] Mounted Kernel Configuration File System.
[[0;32m  OK  [0m] Started udev Kernel Device Manager.
[[0;32m  OK  [0m] Started Dispatch Password Requests to Console Directory Watch.
[[0;32m  OK  [0m] Reached target Local Encrypted Volumes.
[[0;32m  OK  [0m] Started Tell Plymouth To Write Out Runtime Data.
[[0;32m  OK  [0m] Started Set console font and keymap.
[[0;32m  OK  [0m] Started Apply Kernel Variables.
[[0;32m  OK  [0m] Started ebtables ruleset management.
[[0;32m  OK  [0m] Started Flush Journal to Persistent Storage.
         Starting Create Volatile Files and Directories...
[[0;32m  OK  [0m] Started Create Volatile Files and Directories.
         Starting Update UTMP about System Boot/Shutdown...
[[0;32m  OK  [0m] Started Update UTMP about System Boot/Shutdown.
[[0;32m  OK  [0m] Found device /dev/ttyS0.
[[0;32m  OK  [0m] Listening on Load/Save RF Kill Switch Status /dev/rfkill Watch.
[[0;32m  OK  [0m] Started AppArmor initialization.
         Starting Initial cloud-init job (pre-networking)...
[    9.756200] cloud-init[544]: Cloud-init v. 19.3-41-gc4735dd3-0ubuntu1~18.04.1 running 'init-local' at Sun, 08 Mar 2020 11:28:37 +0000. Up 9.31 seconds.
[[0;32m  OK  [0m] Started Initial cloud-init job (pre-networking).
[[0;32m  OK  [0m] Reached target Network (Pre).
         Starting Network Service...
[[0;32m  OK  [0m] Started Network Service.
         Starting Network Name Resolution...
         Starting Wait for Network to be Configured...
[[0;32m  OK  [0m] Started Network Name Resolution.
[[0;32m  OK  [0m] Reached target Host and Network Name Lookups.
[[0;32m  OK  [0m] Reached target Network.
[[0;32m  OK  [0m] Started Wait for Network to be Configured.
         Starting Initial cloud-init job (metadata service crawler)...
[   12.241035] cloud-init[718]: Cloud-init v. 19.3-41-gc4735dd3-0ubuntu1~18.04.1 running 'init' at Sun, 08 Mar 2020 11:28:40 +0000. Up 12.01 seconds.
[   12.244819] cloud-init[718]: ci-info: ++++++++++++++++++++++++++++++++++++++Net device info+++++++++++++++++++++++++++++++++++++++
[   12.247475] cloud-init[718]: ci-info: +--------+------+-----------------------------+---------------+--------+-------------------+
[   12.260884] cloud-init[718]: ci-info: | Device |  Up  |           Address           |      Mask     | Scope  |     Hw-Address    |
[   12.263810] cloud-init[718]: ci-info: +--------+------+-----------------------------+---------------+--------+-------------------+
[   12.267863] cloud-init[718]: ci-info: | enp0s3 | True |          10.0.2.15          | 255.255.255.0 | global | 02:6f:f9:1e:39:dc |
[   12.270273] cloud-init[718]: ci-info: | enp0s3 | True |  fe80::6f:f9ff:fe1e:39dc/64 |       .       |  link  | 02:6f:f9:1e:39:dc |
[   12.272408] cloud-init[718]: ci-info: | enp0s8 | True |        192.168.33.10        | 255.255.255.0 | global | 08:00:27:ed:62:23 |
[   12.274782] cloud-init[718]: ci-info: | enp0s8 | True | fe80::a00:27ff:feed:6223/64 |       .       |  link  | 08:00:27:ed:62:23 |
[   12.277500] cloud-init[718]: ci-info: |   lo   | True |          127.0.0.1          |   255.0.0.0   |  host  |         .         |
[   12.279678] cloud-init[718]: ci-info: |   lo   | True |           ::1/128           |       .       |  host  |         .         |
[   12.281927] cloud-init[718]: ci-info: +--------+------+-----------------------------+---------------+--------+-------------------+
[   12.283926] cloud-init[718]: ci-info: +++++++++++++++++++++++++++++Route IPv4 info+++++++++++++++++++++++++++++
[   12.285860] cloud-init[718]: ci-info: +-------+--------------+----------+-----------------+-----------+-------+
[   12.287590] cloud-init[718]: ci-info: | Route | Destination  | Gateway  |     Genmask     | Interface | Flags |
[   12.289665] cloud-init[718]: ci-info: +-------+--------------+----------+-----------------+-----------+-------+
[   12.291352] cloud-init[718]: ci-info: |   0   |   0.0.0.0    | 10.0.2.2 |     0.0.0.0     |   enp0s3  |   UG  |
[   12.293030] cloud-init[718]: ci-info: |   1   |   10.0.2.0   | 0.0.0.0  |  255.255.255.0  |   enp0s3  |   U   |
[   12.294497] cloud-init[718]: ci-info: |   2   |   10.0.2.2   | 0.0.0.0  | 255.255.255.255 |   enp0s3  |   UH  |
[   12.295823] cloud-init[718]: ci-info: |   3   | 192.168.33.0 | 0.0.0.0  |  255.255.255.0  |   enp0s8  |   U   |
[   12.297404] cloud-init[718]: ci-info: +-------+--------------+----------+-----------------+-----------+-------+
[   12.299256] cloud-init[718]: ci-info: +++++++++++++++++++Route IPv6 info+++++++++++++++++++
[   12.300858] cloud-init[718]: ci-info: +-------+-------------+---------+-----------+-------+
[   12.302342] cloud-init[718]: ci-info: | Route | Destination | Gateway | Interface | Flags |
[   12.312657] cloud-init[718]: ci-info: +-------+-------------+---------+-----------+-------+
[   12.324364] cloud-init[718]: ci-info: |   1   |  fe80::/64  |    ::   |   enp0s8  |   U   |
[   12.337032] cloud-init[718]: ci-info: |   2   |  fe80::/64  |    ::   |   enp0s3  |   U   |
[   12.349653] cloud-init[718]: ci-info: |   4   |    local    |    ::   |   enp0s3  |   U   |
[   12.351427] cloud-init[718]: ci-info: |   5   |    local    |    ::   |   enp0s8  |   U   |
[   12.364576] cloud-init[718]: ci-info: |   6   |   ff00::/8  |    ::   |   enp0s8  |   U   |
[   12.367407] cloud-init[718]: ci-info: |   7   |   ff00::/8  |    ::   |   enp0s3  |   U   |
[   12.380493] cloud-init[718]: ci-info: +-------+-------------+---------+-----------+-------+
[[0;32m  OK  [0m] Started Initial cloud-init job (metadata service crawler).
[[0;32m  OK  [0m] Reached target Cloud-config availability.
[[0;32m  OK  [0m] Reached target System Initialization.
[[0;32m  OK  [0m] Started Daily Cleanup of Temporary Directories.
         Starting LXD - unix socket.
[[0;32m  OK  [0m] Started Daily apt download activities.
[[0;32m  OK  [0m] Started Daily apt upgrade and clean activities.
         Starting Socket activation for snappy daemon.
[[0;32m  OK  [0m] Started Message of the Day.
[[0;32m  OK  [0m] Started Discard unused blocks once a week.
[[0;32m  OK  [0m] Listening on D-Bus System Message Bus Socket.
[[0;32m  OK  [0m] Reached target Timers.
[[0;32m  OK  [0m] Listening on Open-iSCSI iscsid Socket.
[[0;32m  OK  [0m] Started ACPI Events Check.
[[0;32m  OK  [0m] Reached target Paths.
[[0;32m  OK  [0m] Listening on ACPID Listen Socket.
[[0;32m  OK  [0m] Listening on UUID daemon activation socket.
[[0;32m  OK  [0m] Reached target Network is Online.
         Starting Availability of block devices...
[[0;32m  OK  [0m] Reached target Remote File Systems (Pre).
[[0;32m  OK  [0m] Reached target Remote File Systems.
[[0;32m  OK  [0m] Listening on LXD - unix socket.
[[0;32m  OK  [0m] Listening on Socket activation for snappy daemon.
[[0;32m  OK  [0m] Started Availability of block devices.
[[0;32m  OK  [0m] Reached target Sockets.
[[0;32m  OK  [0m] Reached target Basic System.
[[0;32m  OK  [0m] Started FUSE filesystem for LXC.
         Starting LSB: Record successful boot for GRUB...
         Starting vboxadd.service...
         Starting Accounts Service...
         Starting Snappy daemon...
[[0;32m  OK  [0m] Started Deferred execution scheduler.
[[0;32m  OK  [0m] Started D-Bus System Message Bus.
         Starting Permit User Sessions...
         Starting LSB: automatic crash report generation...
         Starting System Logging Service...
[[0;32m  OK  [0m] Started Regular background program processing daemon.
         Starting OpenBSD Secure Shell server...
         Starting Dispatcher daemon for systemd-networkd...
         Starting Login Service...
[[0;32m  OK  [0m] Started irqbalance daemon.
         Starting LXD - container startup/shutdown...
[[0;32m  OK  [0m] Started System Logging Service.
[[0;32m  OK  [0m] Started Permit User Sessions.
         Starting Authorization Manager...
         Starting Terminate Plymouth Boot Screen...
         Starting Hold until boot process finishes up...
[[0;32m  OK  [0m] Started Hold until boot process finishes up.
[[0;32m  OK  [0m] Started Serial Getty on ttyS0.
         Starting Set console scheme...
[[0;32m  OK  [0m] Started Terminate Plymouth Boot Screen.
[[0;32m  OK  [0m] Started Login Service.
[[0;32m  OK  [0m] Started Unattended Upgrades Shutdown.
[[0;32m  OK  [0m] Started OpenBSD Secure Shell server.
[[0;32m  OK  [0m] Started Set console scheme.
[[0;32m  OK  [0m] Created slice system-getty.slice.
[[0;32m  OK  [0m] Started Getty on tty1.
[[0;32m  OK  [0m] Reached target Login Prompts.
[[0;32m  OK  [0m] Started Authorization Manager.
[[0;32m  OK  [0m] Started Accounts Service.
[[0;32m  OK  [0m] Started LSB: Record successful boot for GRUB.
[[0;32m  OK  [0m] Started LSB: automatic crash report generation.
[[0;32m  OK  [0m] Started LXD - container startup/shutdown.
[[0;32m  OK  [0m] Started Dispatcher daemon for systemd-networkd.
[[0;32m  OK  [0m] Started Snappy daemon.
         Starting Wait until snapd is fully seeded...
[[0;32m  OK  [0m] Started Wait until snapd is fully seeded.
         Starting Apply the settings specified in cloud-config...
[   16.510974] cloud-init[1025]: Cloud-init v. 19.3-41-gc4735dd3-0ubuntu1~18.04.1 running 'modules:config' at Sun, 08 Mar 2020 11:28:44 +0000. Up 16.35 seconds.
[[0;32m  OK  [0m] Started vboxadd.service.
         Starting vboxadd-service.service...
[[0;32m  OK  [0m] Created slice User Slice of vagrant.
         Starting User Manager for UID 1000...
[[0;32m  OK  [0m] Started Session 1 of user vagrant.
[[0;32m  OK  [0m] Started vboxadd-service.service.
[[0;32m  OK  [0m] Reached target Multi-User System.
[[0;32m  OK  [0m] Reached target Graphical Interface.
         Starting Update UTMP about System Runlevel Changes...
[[0;32m  OK  [0m] Started Update UTMP about System Runlevel Changes.
[[0;32m  OK  [0m] Started Apply the settings specified in cloud-config.
         Starting Execute cloud user/final scripts...
[[0;32m  OK  [0m] Started User Manager for UID 1000.
[   18.263539] cloud-init[1165]: Cloud-init v. 19.3-41-gc4735dd3-0ubuntu1~18.04.1 running 'modules:final' at Sun, 08 Mar 2020 11:28:46 +0000. Up 17.92 seconds.
[   18.293765] cloud-init[1165]: Cloud-init v. 19.3-41-gc4735dd3-0ubuntu1~18.04.1 finished at Sun, 08 Mar 2020 11:28:46 +0000. Datasource DataSourceNoCloud [seed=/dev/sdb][dsmode=net].  Up 18.23 seconds

Ubuntu 18.04.3 LTS ubuntu-bionic ttyS0

ubuntu-bionic login: 